<?xml version="1.0" encoding="UTF-8"?>
<!-- Generated by org.testng.reporters.JUnitReportReporter -->
<testsuite skipped="0" hostname="LAPTOP-Q06Q743C" name="regressionScripts.Regression" tests="4" failures="0" timestamp="2020-08-23T16:26:50 IST" time="41.710" errors="0">
  <testcase name="invalidLogin" time="10.388" classname="regressionScripts.Regression"/>
  <system-out/>
  <testcase name="sendBugReport" time="12.002" classname="regressionScripts.Regression"/>
  <system-out/>
  <testcase name="validLoginLogout" time="8.237" classname="regressionScripts.Regression"/>
  <system-out/>
  <testcase name="verifyActiTimeVersion" time="11.083" classname="regressionScripts.Regression"/>
  <system-out/>
</testsuite> <!-- regressionScripts.Regression -->
